07:30:19.312 [main                     ] DEBUG Logger               - Configured Logger
07:30:19.372 [main                     ] DEBUG GameApplication      - Logging settings
Title: Port of Shipmen
Version: 0.1
Width: 768
Height: 432
Fullscreen: false
Intro: false
Profiling: false
Single step:false
App Mode: DEVELOPER
Menu Key: ESCAPE
Stage Style: DECORATED
Scene Factory: class com.almasb.fxgl.app.scene.SceneFactory

07:30:19.954 [JavaFX Application Thread] DEBUG FXGLApplication      - Initializing FXGL
07:30:19.966 [JavaFX Application Thread] INFO  Engine               - FXGL-17.2 (20.08.2022 16.50) on WINDOWS (J:17.0.5 FX:17.0.2-ea)
07:30:19.967 [JavaFX Application Thread] DEBUG Engine               - JRE Vendor Name: Microsoft
07:30:19.967 [JavaFX Application Thread] DEBUG Engine               - Running on OS: Windows 10 version 10.0
07:30:19.968 [JavaFX Application Thread] DEBUG Engine               - Architecture: amd64
07:30:19.968 [JavaFX Application Thread] INFO  Engine               - Source code and latest versions at: https://github.com/AlmasB/FXGL
07:30:19.968 [JavaFX Application Thread] INFO  Engine               -       Ask questions and discuss at: https://github.com/AlmasB/FXGL/discussions
07:30:19.968 [JavaFX Application Thread] INFO  Engine               -              Join the FXGL chat at: https://gitter.im/AlmasB/FXGL
07:30:20.127 [JavaFX Application Thread] DEBUG PrimaryStageWindow   - Creating a JavaFX scene
07:30:20.203 [JavaFX Application Thread] DEBUG PrimaryStageWindow   - Target settings size: 768.0 x 432.0
07:30:20.204 [JavaFX Application Thread] DEBUG PrimaryStageWindow   - Scaled scene size:    768.0 x 432.0
07:30:20.204 [JavaFX Application Thread] DEBUG PrimaryStageWindow   - Scaled ratio: (1.0, 1.0)
07:30:20.206 [JavaFX Application Thread] DEBUG PrimaryStageWindow   - Set initial scene to FXGLStartupScene
07:30:20.218 [JavaFX Application Thread] DEBUG PrimaryStageWindow   - Opening main window
07:30:20.359 [JavaFX Application Thread] DEBUG PrimaryStageWindow   - Window border size: (16.0, 39.0)
07:30:20.359 [JavaFX Application Thread] DEBUG PrimaryStageWindow   - Scaled size: 768.0 x 432.0
07:30:20.360 [JavaFX Application Thread] DEBUG PrimaryStageWindow   - Scaled ratio: (1.0, 1.0)
07:30:20.360 [JavaFX Application Thread] DEBUG PrimaryStageWindow   - Scene size: 768.0 x 432.0
07:30:20.361 [JavaFX Application Thread] DEBUG PrimaryStageWindow   - Stage size: 784.0 x 471.0
07:30:20.372 [FXGL Background Thread 1 ] DEBUG Engine               - Initializing environment variables
07:30:20.429 [FXGL Background Thread 1 ] DEBUG FXGLAssetLoaderServi - User app class for loading assets: class com.example.portofshipmen.GameMain
07:30:20.430 [FXGL Background Thread 1 ] DEBUG GameApplicationServi - Applying CSS: fxgl_dark.css
07:30:20.431 [FXGL Background Thread 1 ] DEBUG FXGLAssetLoaderServi - Loading from file system: jar:file:///C:/Users/rever/.m2/repository/com/github/almasb/fxgl/17.2/fxgl-17.2.jar!/fxglassets/ui/css/fxgl_dark.css
07:30:20.518 [FXGL Background Thread 1 ] DEBUG GameApplicationServi - Initializing application scenes
07:30:20.594 [FXGL Background Thread 1 ] DEBUG GameWorld            - Game world initialized
07:30:20.697 [FXGL Background Thread 1 ] DEBUG PhysicsWorld         - Physics world initialized: appHeight=432, physics.ppm=50.0
07:30:20.698 [FXGL Background Thread 1 ] DEBUG PhysicsWorld         - Using strategy: BRUTE_FORCE
07:30:20.710 [FXGL Background Thread 1 ] DEBUG GameScene            - Game scene initialized: 768x432
07:30:20.747 [FXGL Background Thread 1 ] WARN  FXGL.DefaultMenu     - FXGLDefaultMenu is not designed for resolutions < 800x600
07:30:20.748 [FXGL Background Thread 1 ] DEBUG FXGL.DefaultMenu     - createMenuBodyMainMenu()
07:30:20.776 [FXGL Background Thread 1 ] DEBUG FXGL.DefaultMenu     - createOptionsMenu()
07:30:20.798 [FXGL Background Thread 1 ] DEBUG FXGLAssetLoaderServi - Loading from file system: jar:file:///C:/Users/rever/.m2/repository/com/github/almasb/fxgl/17.2/fxgl-17.2.jar!/fxglassets/textures/particles/smoke.png
07:30:20.960 [FXGL Background Thread 1 ] DEBUG FXGLAssetLoaderServi - Loading from file system: jar:file:///C:/Users/rever/.m2/repository/com/github/almasb/fxgl/17.2/fxgl-17.2.jar!/fxglassets/textures/particles/trace_horizontal.png
07:30:21.018 [FXGL Background Thread 1 ] WARN  FXGL.DefaultMenu     - FXGLDefaultMenu is not designed for resolutions < 800x600
07:30:21.019 [FXGL Background Thread 1 ] DEBUG FXGL.DefaultMenu     - createMenuBodyGameMenu()
07:30:21.025 [FXGL Background Thread 1 ] DEBUG FXGL.DefaultMenu     - createOptionsMenu()
07:30:21.067 [FXGL Background Thread 1 ] DEBUG GameApplicationServi - Application scenes initialized
07:30:21.089 [FXGL Background Thread 1 ] DEBUG SystemBundleService  - Loading FXGL system data
07:30:21.097 [FXGL Background Thread 1 ] DEBUG FileSystemAccess     - Reading from: C:\Users\rever\OneDrive\Documentos\Cuati7\Monitores\PortOfShipmen\system\fxgl.bundle
07:30:21.113 [FXGL Background Thread 1 ] DEBUG SystemBundleService  - Bundle FXGL: {}
07:30:21.113 [FXGL Background Thread 1 ] DEBUG UpdaterService       - Checking for updates
07:30:21.122 [FXGL Background Thread 1 ] DEBUG FXGLApplication      - Loading default localization
07:30:21.124 [FXGL Background Thread 1 ] DEBUG FXGLAssetLoaderServi - Loading from file system: jar:file:///C:/Users/rever/.m2/repository/com/github/almasb/fxgl/17.2/fxgl-17.2.jar!/fxglassets/languages/english.lang
07:30:21.128 [FXGL Background Thread 4 ] DEBUG FXGLApplication      - Loading fonts
07:30:21.129 [FXGL Background Thread 4 ] DEBUG FXGLAssetLoaderServi - Loading from file system: jar:file:///C:/Users/rever/.m2/repository/com/github/almasb/fxgl/17.2/fxgl-17.2.jar!/fxglassets/ui/fonts/VarelaRound-Regular.ttf
07:30:21.218 [FXGL Background Thread 1 ] INFO  FXGLApplication      - FXGL initialization took: 0.845 sec
07:30:21.220 [JavaFX Application Thread] DEBUG FXGLAssetLoaderServi - Loading from file system: jar:file:///C:/Users/rever/.m2/repository/com/github/almasb/fxgl/17.2/fxgl-17.2.jar!/fxglassets/textures/fxgl_icon.png
07:30:21.258 [JavaFX Application Thread] DEBUG FXGLAssetLoaderServi - Loading from file system: jar:file:///C:/Users/rever/.m2/repository/com/github/almasb/fxgl/17.2/fxgl-17.2.jar!/fxglassets/textures/fxgl_default_cursor.png
07:30:21.279 [JavaFX Application Thread] DEBUG Input                - Registered new binding: Screenshot - CTRL+8
07:30:21.282 [JavaFX Application Thread] DEBUG Input                - Registered new binding: System info dump - CTRL+9
07:30:21.284 [JavaFX Application Thread] DEBUG Input                - Registered new binding: Restart - CTRL+R
07:30:21.286 [JavaFX Application Thread] DEBUG Input                - Registered new binding: Toggle Debug Camera - CTRL+7
07:30:21.289 [JavaFX Application Thread] DEBUG LoopRunner           - Starting loop
07:30:21.289 [JavaFX Application Thread] DEBUG LoopRunner           - Initializing JavaFX AnimationTimerLoop
07:30:21.293 [JavaFX Application Thread] DEBUG Input                - Clearing active input actions
07:30:21.385 [JavaFX Application Thread] DEBUG GameApplicationServi - Removing overlay from FXGLStartupScene and adding to FXGLMainMenuDummyScene
07:30:21.385 [JavaFX Application Thread] DEBUG PrimaryStageWindow   - FXGLStartupScene -> FXGLMainMenuDummyScene
07:30:21.386 [JavaFX Application Thread] DEBUG PrimaryStageWindow   - Push state: FXGLDefaultMenu
07:30:21.403 [JavaFX Application Thread] DEBUG Input                - Clearing active input actions
07:30:21.423 [JavaFX Application Thread] DEBUG GameApplicationServi - Removing overlay from FXGLMainMenuDummyScene and adding to FXGLDefaultMenu
07:30:21.424 [JavaFX Application Thread] DEBUG PrimaryStageWindow   - FXGLMainMenuDummyScene -> FXGLDefaultMenu
07:30:21.522 [FXGL Background Thread 4 ] DEBUG FXGLAssetLoaderServi - Loading from file system: jar:file:///C:/Users/rever/.m2/repository/com/github/almasb/fxgl/17.2/fxgl-17.2.jar!/fxglassets/ui/fonts/Abel-Regular.ttf
07:30:21.533 [FXGL Background Thread 4 ] DEBUG FXGLAssetLoaderServi - Loading from file system: jar:file:///C:/Users/rever/.m2/repository/com/github/almasb/fxgl/17.2/fxgl-17.2.jar!/fxglassets/ui/fonts/TerminalLandMono-Regular.otf
07:30:21.538 [FXGL Background Thread 4 ] DEBUG FXGLAssetLoaderServi - Loading from file system: jar:file:///C:/Users/rever/.m2/repository/com/github/almasb/fxgl/17.2/fxgl-17.2.jar!/fxglassets/ui/fonts/Courier-Prime.ttf
07:30:21.588 [JavaFX Application Thread] DEBUG FXGLApplication      - Registering font factories with UI factory
07:30:23.022 [FXGL Background Thread 2 ] INFO  UpdaterService       - Your current version:  17.2
07:30:23.022 [FXGL Background Thread 2 ] INFO  UpdaterService       - Latest stable version: 17.3
07:30:23.227 [JavaFX Application Thread] DEBUG Menu                 - fireNewGame()
07:30:23.227 [JavaFX Application Thread] DEBUG GameApplicationServi - Starting new game
07:30:23.230 [JavaFX Application Thread] DEBUG PrimaryStageWindow   - Pop state: FXGLDefaultMenu
07:30:23.230 [JavaFX Application Thread] DEBUG Input                - Clearing active input actions
07:30:23.232 [JavaFX Application Thread] DEBUG GameApplicationServi - Removing overlay from FXGLDefaultMenu and adding to FXGLMainMenuDummyScene
07:30:23.233 [JavaFX Application Thread] DEBUG PrimaryStageWindow   - FXGLMainMenuDummyScene <- FXGLDefaultMenu
07:30:23.234 [JavaFX Application Thread] DEBUG Input                - Clearing active input actions
07:30:23.244 [JavaFX Application Thread] DEBUG GameApplicationServi - Removing overlay from FXGLMainMenuDummyScene and adding to FXGLLoadingScene
07:30:23.244 [JavaFX Application Thread] DEBUG PrimaryStageWindow   - FXGLMainMenuDummyScene -> FXGLLoadingScene
07:30:23.244 [JavaFX Application Thread] DEBUG GameApplicationServi - Clearing previous game
07:30:23.244 [JavaFX Application Thread] DEBUG GameScene            - Clearing game scene
07:30:23.244 [JavaFX Application Thread] DEBUG GameWorld            - Clearing game world
07:30:23.245 [JavaFX Application Thread] DEBUG PhysicsWorld         - Clearing physics world
07:30:23.247 [FXGL Background Thread 2 ] DEBUG FXGLApplication      - Initializing game
07:30:23.331 [FXGL Background Thread 2 ] DEBUG FXGLAssetLoaderServi - Loading from file system: file:/C:/Users/rever/OneDrive/Documentos/Cuati7/Monitores/PortOfShipmen/target/classes/assets/textures/bg1.png
07:30:23.346 [JavaFX Application Thread] DEBUG FXGLAssetLoaderServi - Loading from file system: file:/C:/Users/rever/OneDrive/Documentos/Cuati7/Monitores/PortOfShipmen/target/classes/assets/textures/banner.png
07:30:23.349 [FXGL Background Thread 2 ] INFO  FXGLApplication      - Game initialization took: 0.102 sec
07:30:23.350 [JavaFX Application Thread] DEBUG Input                - Clearing active input actions
07:30:23.360 [JavaFX Application Thread] DEBUG GameApplicationServi - Removing overlay from FXGLLoadingScene and adding to GameScene
07:30:23.360 [JavaFX Application Thread] DEBUG PrimaryStageWindow   - FXGLLoadingScene -> GameScene
07:30:24.119 [FXGL Background Thread 3 ] DEBUG Engine               - Logging environment variables
07:30:24.120 [FXGL Background Thread 3 ] DEBUG Engine               - achievements: []
07:30:24.120 [FXGL Background Thread 3 ] DEBUG Engine               - actualHeight: 432.0
07:30:24.121 [FXGL Background Thread 3 ] DEBUG Engine               - actualHeightProperty: ReadOnlyDoubleProperty [value: 432.0]
07:30:24.121 [FXGL Background Thread 3 ] DEBUG Engine               - actualWidth: 768.0
07:30:24.121 [FXGL Background Thread 3 ] DEBUG Engine               - actualWidthProperty: ReadOnlyDoubleProperty [value: 768.0]
07:30:24.121 [FXGL Background Thread 3 ] DEBUG Engine               - appIcon: fxgl_icon.png
07:30:24.122 [FXGL Background Thread 3 ] DEBUG Engine               - applicationMode: DEVELOPER
07:30:24.122 [FXGL Background Thread 3 ] DEBUG Engine               - cSSList: [fxgl_dark.css]
07:30:24.122 [FXGL Background Thread 3 ] DEBUG Engine               - collisionDetectionStrategy: BRUTE_FORCE
07:30:24.122 [FXGL Background Thread 3 ] DEBUG Engine               - configClass: Optional.empty
07:30:24.122 [FXGL Background Thread 3 ] DEBUG Engine               - credits: []
07:30:24.123 [FXGL Background Thread 3 ] DEBUG Engine               - defaultCursor: CursorInfo(imageName=fxgl_default_cursor.png, hotspotX=7.0, hotspotY=6.0)
07:30:24.124 [FXGL Background Thread 3 ] DEBUG Engine               - devBBoxColorProperty: ObjectProperty [value: 0xff0000ff]
07:30:24.124 [FXGL Background Thread 3 ] DEBUG Engine               - devEnableDebugCameraProperty: BooleanProperty [value: false]
07:30:24.125 [FXGL Background Thread 3 ] DEBUG Engine               - devSensorColorProperty: ObjectProperty [value: 0xffff00ff]
07:30:24.126 [FXGL Background Thread 3 ] DEBUG Engine               - devShowBBoxProperty: BooleanProperty [value: false]
07:30:24.126 [FXGL Background Thread 3 ] DEBUG Engine               - devShowPositionProperty: BooleanProperty [value: false]
07:30:24.126 [FXGL Background Thread 3 ] DEBUG Engine               - enabledMenuItems: []
07:30:24.126 [FXGL Background Thread 3 ] DEBUG Engine               - engineServices: [class com.almasb.fxgl.app.services.FXGLAssetLoaderService, class com.almasb.fxgl.app.FXGLApplication$GameApplicationService, class com.almasb.fxgl.app.services.FXGLDialogService, class com.almasb.fxgl.app.services.IOTaskExecutorService, class com.almasb.fxgl.io.FileSystemService, class com.almasb.fxgl.localization.LocalizationService, class com.almasb.fxgl.app.services.SystemBundleService, class com.almasb.fxgl.profile.SaveLoadService, class com.almasb.fxgl.ui.FXGLUIFactoryServiceProvider, class com.almasb.fxgl.ui.FXGLDialogFactoryServiceProvider, class com.almasb.fxgl.audio.AudioPlayer, class com.almasb.fxgl.notification.impl.NotificationServiceProvider, class com.almasb.fxgl.achievement.AchievementService, class com.almasb.fxgl.cutscene.CutsceneService, class com.almasb.fxgl.minigames.MiniGameService, class com.almasb.fxgl.net.NetService, class com.almasb.fxgl.app.services.UpdaterService, class com.almasb.fxgl.dev.DevService]
07:30:24.126 [FXGL Background Thread 3 ] DEBUG Engine               - fontGame: Abel-Regular.ttf
07:30:24.126 [FXGL Background Thread 3 ] DEBUG Engine               - fontMono: TerminalLandMono-Regular.otf
07:30:24.127 [FXGL Background Thread 3 ] DEBUG Engine               - fontText: Courier-Prime.ttf
07:30:24.127 [FXGL Background Thread 3 ] DEBUG Engine               - fontUI: VarelaRound-Regular.ttf
07:30:24.127 [FXGL Background Thread 3 ] DEBUG Engine               - fullScreen: BooleanProperty [value: false]
07:30:24.127 [FXGL Background Thread 3 ] DEBUG Engine               - gameDifficulty: MEDIUM
07:30:24.127 [FXGL Background Thread 3 ] DEBUG Engine               - gameDifficultyProperty: ObjectProperty [value: MEDIUM]
07:30:24.127 [FXGL Background Thread 3 ] DEBUG Engine               - globalMusicVolume: 0.5
07:30:24.128 [FXGL Background Thread 3 ] DEBUG Engine               - globalMusicVolumeProperty: DoubleProperty [value: 0.5]
07:30:24.128 [FXGL Background Thread 3 ] DEBUG Engine               - globalSoundVolume: 0.5
07:30:24.128 [FXGL Background Thread 3 ] DEBUG Engine               - globalSoundVolumeProperty: DoubleProperty [value: 0.5]
07:30:24.128 [FXGL Background Thread 3 ] DEBUG Engine               - height: 432
07:30:24.128 [FXGL Background Thread 3 ] DEBUG Engine               - is3D: false
07:30:24.128 [FXGL Background Thread 3 ] DEBUG Engine               - isAndroid: false
07:30:24.128 [FXGL Background Thread 3 ] DEBUG Engine               - isBrowser: false
07:30:24.129 [FXGL Background Thread 3 ] DEBUG Engine               - isClickFeedbackEnabled: false
07:30:24.129 [FXGL Background Thread 3 ] DEBUG Engine               - isCloseConfirmation: false
07:30:24.129 [FXGL Background Thread 3 ] DEBUG Engine               - isDesktop: true
07:30:24.129 [FXGL Background Thread 3 ] DEBUG Engine               - isDeveloperMenuEnabled: false
07:30:24.129 [FXGL Background Thread 3 ] DEBUG Engine               - isEmbedded: false
07:30:24.130 [FXGL Background Thread 3 ] DEBUG Engine               - isEntityPreloadEnabled: true
07:30:24.130 [FXGL Background Thread 3 ] DEBUG Engine               - isExperimentalTiledLargeMap: false
07:30:24.130 [FXGL Background Thread 3 ] DEBUG Engine               - isFileSystemWriteAllowed: true
07:30:24.130 [FXGL Background Thread 3 ] DEBUG Engine               - isFullScreenAllowed: false
07:30:24.130 [FXGL Background Thread 3 ] DEBUG Engine               - isFullScreenFromStart: false
07:30:24.131 [FXGL Background Thread 3 ] DEBUG Engine               - isGameMenuEnabled: true
07:30:24.132 [FXGL Background Thread 3 ] DEBUG Engine               - isIOS: false
07:30:24.132 [FXGL Background Thread 3 ] DEBUG Engine               - isIntroEnabled: false
07:30:24.132 [FXGL Background Thread 3 ] DEBUG Engine               - isLinux: false
07:30:24.132 [FXGL Background Thread 3 ] DEBUG Engine               - isMac: false
07:30:24.132 [FXGL Background Thread 3 ] DEBUG Engine               - isMainMenuEnabled: true
07:30:24.132 [FXGL Background Thread 3 ] DEBUG Engine               - isManualResizeEnabled: false
07:30:24.133 [FXGL Background Thread 3 ] DEBUG Engine               - isMobile: false
07:30:24.133 [FXGL Background Thread 3 ] DEBUG Engine               - isNative: false
07:30:24.133 [FXGL Background Thread 3 ] DEBUG Engine               - isPauseMusicWhenMinimized: true
07:30:24.134 [FXGL Background Thread 3 ] DEBUG Engine               - isPreserveResizeRatio: false
07:30:24.134 [FXGL Background Thread 3 ] DEBUG Engine               - isProfilingEnabled: false
07:30:24.135 [FXGL Background Thread 3 ] DEBUG Engine               - isScaleAffectedOnResize: true
07:30:24.135 [FXGL Background Thread 3 ] DEBUG Engine               - isSingleStep: false
07:30:24.135 [FXGL Background Thread 3 ] DEBUG Engine               - isUserProfileEnabled: false
07:30:24.135 [FXGL Background Thread 3 ] DEBUG Engine               - isWindows: true
07:30:24.136 [FXGL Background Thread 3 ] DEBUG Engine               - language: ObjectProperty [value: ENGLISH]
07:30:24.136 [FXGL Background Thread 3 ] DEBUG Engine               - menuKey: ESCAPE
07:30:24.136 [FXGL Background Thread 3 ] DEBUG Engine               - mouseSensitivity: 0.2
07:30:24.136 [FXGL Background Thread 3 ] DEBUG Engine               - notificationViewClass: class com.almasb.fxgl.notification.view.XboxNotificationView
07:30:24.137 [FXGL Background Thread 3 ] DEBUG Engine               - pixelsPerMeter: 50.0
07:30:24.137 [FXGL Background Thread 3 ] DEBUG Engine               - platform: WINDOWS
07:30:24.137 [FXGL Background Thread 3 ] DEBUG Engine               - prefHeightProperty: ReadOnlyDoubleProperty [value: 432.0]
07:30:24.137 [FXGL Background Thread 3 ] DEBUG Engine               - prefWidthProperty: ReadOnlyDoubleProperty [value: 768.0]
07:30:24.138 [FXGL Background Thread 3 ] DEBUG Engine               - profileDir: profiles/
07:30:24.138 [FXGL Background Thread 3 ] DEBUG Engine               - profileName: StringProperty [value: DEFAULT]
07:30:24.138 [FXGL Background Thread 3 ] DEBUG Engine               - randomSeed: -1
07:30:24.139 [FXGL Background Thread 3 ] DEBUG Engine               - runtimeInfo: RuntimeInfo(platform=WINDOWS, version=17.2, build=20.08.2022 16.50)
07:30:24.139 [FXGL Background Thread 3 ] DEBUG Engine               - saveFileExt: sav
07:30:24.139 [FXGL Background Thread 3 ] DEBUG Engine               - scaledHeightProp$fxgl: DoubleProperty [bound, value: 432.0]
07:30:24.139 [FXGL Background Thread 3 ] DEBUG Engine               - scaledWidthProp$fxgl: DoubleProperty [bound, value: 768.0]
07:30:24.139 [FXGL Background Thread 3 ] DEBUG Engine               - sceneFactory: com.almasb.fxgl.app.scene.SceneFactory@112d0635
07:30:24.139 [FXGL Background Thread 3 ] DEBUG Engine               - secondsIn24h: 60
07:30:24.142 [FXGL Background Thread 3 ] DEBUG Engine               - soundMenuBack: menu/back.wav
07:30:24.142 [FXGL Background Thread 3 ] DEBUG Engine               - soundMenuPress: menu/press.wav
07:30:24.142 [FXGL Background Thread 3 ] DEBUG Engine               - soundMenuSelect: menu/select.wav
07:30:24.143 [FXGL Background Thread 3 ] DEBUG Engine               - soundNotification: core/notification.wav
07:30:24.143 [FXGL Background Thread 3 ] DEBUG Engine               - stageStyle: DECORATED
07:30:24.143 [FXGL Background Thread 3 ] DEBUG Engine               - supportedLanguages: [ENGLISH, FRENCH, GERMAN, HUNGARIAN, RUSSIAN]
07:30:24.143 [FXGL Background Thread 3 ] DEBUG Engine               - ticksPerSecond: -1
07:30:24.143 [FXGL Background Thread 3 ] DEBUG Engine               - title: Port of Shipmen
07:30:24.144 [FXGL Background Thread 3 ] DEBUG Engine               - urlGithub: https://github.com/AlmasB/FXGL
07:30:24.144 [FXGL Background Thread 3 ] DEBUG Engine               - urlLeaderboard: http://fxgl-top.herokuapp.com/
07:30:24.144 [FXGL Background Thread 3 ] DEBUG Engine               - urlPOM: https://raw.githubusercontent.com/AlmasB/FXGL/release/README.md
07:30:24.144 [FXGL Background Thread 3 ] DEBUG Engine               - userAppClass: class com.example.portofshipmen.GameMain
07:30:24.144 [FXGL Background Thread 3 ] DEBUG Engine               - version: 0.1
07:30:24.145 [FXGL Background Thread 3 ] DEBUG Engine               - versionCheckDays: 7
07:30:24.145 [FXGL Background Thread 3 ] DEBUG Engine               - width: 768
07:30:24.145 [FXGL Background Thread 3 ] DEBUG Engine               - Logging services
07:30:24.145 [FXGL Background Thread 3 ] DEBUG Engine               - class com.almasb.fxgl.app.services.FXGLAssetLoaderService
07:30:24.145 [FXGL Background Thread 3 ] DEBUG Engine               - class com.almasb.fxgl.app.FXGLApplication$GameApplicationService
07:30:24.146 [FXGL Background Thread 3 ] DEBUG Engine               - class com.almasb.fxgl.app.services.FXGLDialogService
07:30:24.146 [FXGL Background Thread 3 ] DEBUG Engine               - class com.almasb.fxgl.app.services.IOTaskExecutorService
07:30:24.146 [FXGL Background Thread 3 ] DEBUG Engine               - class com.almasb.fxgl.io.FileSystemService
07:30:24.146 [FXGL Background Thread 3 ] DEBUG Engine               - class com.almasb.fxgl.localization.LocalizationService
07:30:24.146 [FXGL Background Thread 3 ] DEBUG Engine               - class com.almasb.fxgl.app.services.SystemBundleService
07:30:24.146 [FXGL Background Thread 3 ] DEBUG Engine               - class com.almasb.fxgl.profile.SaveLoadService
07:30:24.147 [FXGL Background Thread 3 ] DEBUG Engine               - class com.almasb.fxgl.ui.FXGLUIFactoryServiceProvider
07:30:24.147 [FXGL Background Thread 3 ] DEBUG Engine               - class com.almasb.fxgl.ui.FXGLDialogFactoryServiceProvider
07:30:24.147 [FXGL Background Thread 3 ] DEBUG Engine               - class com.almasb.fxgl.audio.AudioPlayer
07:30:24.147 [FXGL Background Thread 3 ] DEBUG Engine               - class com.almasb.fxgl.notification.impl.NotificationServiceProvider
07:30:24.147 [FXGL Background Thread 3 ] DEBUG Engine               - class com.almasb.fxgl.achievement.AchievementService
07:30:24.147 [FXGL Background Thread 3 ] DEBUG Engine               - class com.almasb.fxgl.cutscene.CutsceneService
07:30:24.147 [FXGL Background Thread 3 ] DEBUG Engine               - class com.almasb.fxgl.minigames.MiniGameService
07:30:24.148 [FXGL Background Thread 3 ] DEBUG Engine               - class com.almasb.fxgl.net.NetService
07:30:24.148 [FXGL Background Thread 3 ] DEBUG Engine               - class com.almasb.fxgl.app.services.UpdaterService
07:30:24.148 [FXGL Background Thread 3 ] DEBUG Engine               - class com.almasb.fxgl.dev.DevService
07:30:26.335 [JavaFX Application Thread] DEBUG FXGLAssetLoaderServi - Loading from file system: file:/C:/Users/rever/OneDrive/Documentos/Cuati7/Monitores/PortOfShipmen/target/classes/assets/textures/car.png
07:30:26.339 [JavaFX Application Thread] DEBUG FXGLAssetLoaderServi - Loading from file system: file:/C:/Users/rever/OneDrive/Documentos/Cuati7/Monitores/PortOfShipmen/target/classes/assets/textures/burger.png
07:30:29.334 [JavaFX Application Thread] DEBUG FXGLAssetLoaderServi - Loading from file system: file:/C:/Users/rever/OneDrive/Documentos/Cuati7/Monitores/PortOfShipmen/target/classes/assets/textures/ship.png
07:31:33.678 [JavaFX Application Thread] DEBUG FXGLApplication      - Exiting FXGL
07:31:33.678 [JavaFX Application Thread] DEBUG LoopRunner           - Stopping loop
07:31:33.678 [JavaFX Application Thread] DEBUG SystemBundleService  - Saving FXGL system data
07:31:33.682 [JavaFX Application Thread] DEBUG FileSystemAccess     - Writing to: C:\Users\rever\OneDrive\Documentos\Cuati7\Monitores\PortOfShipmen\system\fxgl.bundle
07:31:33.686 [JavaFX Application Thread] DEBUG Async                - Shutting down background threads
07:31:33.687 [JavaFX Application Thread] DEBUG PrimaryStageWindow   - Closing main window
07:31:33.717 [JavaFX Application Thread] DEBUG Logger               - Closing Logger
