07:18:58.787 [main                     ] DEBUG Logger               - Configured Logger
07:18:58.839 [main                     ] DEBUG GameApplication      - Logging settings
Title: Port of Shipmen
Version: 0.1
Width: 768
Height: 432
Fullscreen: false
Intro: false
Profiling: false
Single step:false
App Mode: DEVELOPER
Menu Key: ESCAPE
Stage Style: DECORATED
Scene Factory: class com.almasb.fxgl.app.scene.SceneFactory

07:18:59.394 [JavaFX Application Thread] DEBUG FXGLApplication      - Initializing FXGL
07:18:59.405 [JavaFX Application Thread] INFO  Engine               - FXGL-17.2 (20.08.2022 16.50) on WINDOWS (J:17.0.5 FX:17.0.2-ea)
07:18:59.406 [JavaFX Application Thread] DEBUG Engine               - JRE Vendor Name: Microsoft
07:18:59.406 [JavaFX Application Thread] DEBUG Engine               - Running on OS: Windows 10 version 10.0
07:18:59.407 [JavaFX Application Thread] DEBUG Engine               - Architecture: amd64
07:18:59.407 [JavaFX Application Thread] INFO  Engine               - Source code and latest versions at: https://github.com/AlmasB/FXGL
07:18:59.407 [JavaFX Application Thread] INFO  Engine               -       Ask questions and discuss at: https://github.com/AlmasB/FXGL/discussions
07:18:59.407 [JavaFX Application Thread] INFO  Engine               -              Join the FXGL chat at: https://gitter.im/AlmasB/FXGL
07:18:59.566 [JavaFX Application Thread] DEBUG PrimaryStageWindow   - Creating a JavaFX scene
07:18:59.640 [JavaFX Application Thread] DEBUG PrimaryStageWindow   - Target settings size: 768.0 x 432.0
07:18:59.641 [JavaFX Application Thread] DEBUG PrimaryStageWindow   - Scaled scene size:    768.0 x 432.0
07:18:59.641 [JavaFX Application Thread] DEBUG PrimaryStageWindow   - Scaled ratio: (1.0, 1.0)
07:18:59.643 [JavaFX Application Thread] DEBUG PrimaryStageWindow   - Set initial scene to FXGLStartupScene
07:18:59.656 [JavaFX Application Thread] DEBUG PrimaryStageWindow   - Opening main window
07:18:59.799 [JavaFX Application Thread] DEBUG PrimaryStageWindow   - Window border size: (16.0, 39.0)
07:18:59.799 [JavaFX Application Thread] DEBUG PrimaryStageWindow   - Scaled size: 768.0 x 432.0
07:18:59.800 [JavaFX Application Thread] DEBUG PrimaryStageWindow   - Scaled ratio: (1.0, 1.0)
07:18:59.800 [JavaFX Application Thread] DEBUG PrimaryStageWindow   - Scene size: 768.0 x 432.0
07:18:59.801 [JavaFX Application Thread] DEBUG PrimaryStageWindow   - Stage size: 784.0 x 471.0
07:18:59.813 [FXGL Background Thread 1 ] DEBUG Engine               - Initializing environment variables
07:18:59.875 [FXGL Background Thread 1 ] DEBUG FXGLAssetLoaderServi - User app class for loading assets: class com.example.portofshipmen.GameMain
07:18:59.875 [FXGL Background Thread 1 ] DEBUG GameApplicationServi - Applying CSS: fxgl_dark.css
07:18:59.877 [FXGL Background Thread 1 ] DEBUG FXGLAssetLoaderServi - Loading from file system: jar:file:///C:/Users/rever/.m2/repository/com/github/almasb/fxgl/17.2/fxgl-17.2.jar!/fxglassets/ui/css/fxgl_dark.css
07:18:59.962 [FXGL Background Thread 1 ] DEBUG GameApplicationServi - Initializing application scenes
07:19:00.045 [FXGL Background Thread 1 ] DEBUG GameWorld            - Game world initialized
07:19:00.146 [FXGL Background Thread 1 ] DEBUG PhysicsWorld         - Physics world initialized: appHeight=432, physics.ppm=50.0
07:19:00.146 [FXGL Background Thread 1 ] DEBUG PhysicsWorld         - Using strategy: BRUTE_FORCE
07:19:00.159 [FXGL Background Thread 1 ] DEBUG GameScene            - Game scene initialized: 768x432
07:19:00.206 [FXGL Background Thread 1 ] WARN  FXGL.DefaultMenu     - FXGLDefaultMenu is not designed for resolutions < 800x600
07:19:00.207 [FXGL Background Thread 1 ] DEBUG FXGL.DefaultMenu     - createMenuBodyMainMenu()
07:19:00.235 [FXGL Background Thread 1 ] DEBUG FXGL.DefaultMenu     - createOptionsMenu()
07:19:00.259 [FXGL Background Thread 1 ] DEBUG FXGLAssetLoaderServi - Loading from file system: jar:file:///C:/Users/rever/.m2/repository/com/github/almasb/fxgl/17.2/fxgl-17.2.jar!/fxglassets/textures/particles/smoke.png
07:19:00.436 [FXGL Background Thread 1 ] DEBUG FXGLAssetLoaderServi - Loading from file system: jar:file:///C:/Users/rever/.m2/repository/com/github/almasb/fxgl/17.2/fxgl-17.2.jar!/fxglassets/textures/particles/trace_horizontal.png
07:19:00.497 [FXGL Background Thread 1 ] WARN  FXGL.DefaultMenu     - FXGLDefaultMenu is not designed for resolutions < 800x600
07:19:00.497 [FXGL Background Thread 1 ] DEBUG FXGL.DefaultMenu     - createMenuBodyGameMenu()
07:19:00.504 [FXGL Background Thread 1 ] DEBUG FXGL.DefaultMenu     - createOptionsMenu()
07:19:00.561 [FXGL Background Thread 1 ] DEBUG GameApplicationServi - Application scenes initialized
07:19:00.587 [FXGL Background Thread 1 ] DEBUG SystemBundleService  - Loading FXGL system data
07:19:00.595 [FXGL Background Thread 1 ] DEBUG FileSystemAccess     - Reading from: C:\Users\rever\OneDrive\Documentos\Cuati7\Monitores\PortOfShipmen\system\fxgl.bundle
07:19:00.608 [FXGL Background Thread 1 ] DEBUG SystemBundleService  - Bundle FXGL: {}
07:19:00.609 [FXGL Background Thread 1 ] DEBUG UpdaterService       - Checking for updates
07:19:00.618 [FXGL Background Thread 1 ] DEBUG FXGLApplication      - Loading default localization
07:19:00.619 [FXGL Background Thread 1 ] DEBUG FXGLAssetLoaderServi - Loading from file system: jar:file:///C:/Users/rever/.m2/repository/com/github/almasb/fxgl/17.2/fxgl-17.2.jar!/fxglassets/languages/english.lang
07:19:00.653 [FXGL Background Thread 1 ] INFO  FXGLApplication      - FXGL initialization took: 0.840 sec
07:19:00.659 [JavaFX Application Thread] DEBUG FXGLAssetLoaderServi - Loading from file system: jar:file:///C:/Users/rever/.m2/repository/com/github/almasb/fxgl/17.2/fxgl-17.2.jar!/fxglassets/textures/fxgl_icon.png
07:19:00.687 [FXGL Background Thread 4 ] DEBUG FXGLApplication      - Loading fonts
07:19:00.691 [JavaFX Application Thread] DEBUG FXGLAssetLoaderServi - Loading from file system: jar:file:///C:/Users/rever/.m2/repository/com/github/almasb/fxgl/17.2/fxgl-17.2.jar!/fxglassets/textures/fxgl_default_cursor.png
07:19:00.688 [FXGL Background Thread 4 ] DEBUG FXGLAssetLoaderServi - Loading from file system: jar:file:///C:/Users/rever/.m2/repository/com/github/almasb/fxgl/17.2/fxgl-17.2.jar!/fxglassets/ui/fonts/VarelaRound-Regular.ttf
07:19:00.714 [JavaFX Application Thread] DEBUG Input                - Registered new binding: Screenshot - CTRL+8
07:19:00.716 [JavaFX Application Thread] DEBUG Input                - Registered new binding: System info dump - CTRL+9
07:19:00.718 [JavaFX Application Thread] DEBUG Input                - Registered new binding: Restart - CTRL+R
07:19:00.720 [JavaFX Application Thread] DEBUG Input                - Registered new binding: Toggle Debug Camera - CTRL+7
07:19:00.724 [JavaFX Application Thread] DEBUG LoopRunner           - Starting loop
07:19:00.724 [JavaFX Application Thread] DEBUG LoopRunner           - Initializing JavaFX AnimationTimerLoop
07:19:00.733 [JavaFX Application Thread] DEBUG Input                - Clearing active input actions
07:19:00.744 [JavaFX Application Thread] DEBUG GameApplicationServi - Removing overlay from FXGLStartupScene and adding to FXGLMainMenuDummyScene
07:19:00.745 [JavaFX Application Thread] DEBUG PrimaryStageWindow   - FXGLStartupScene -> FXGLMainMenuDummyScene
07:19:00.745 [JavaFX Application Thread] DEBUG PrimaryStageWindow   - Push state: FXGLDefaultMenu
07:19:00.770 [JavaFX Application Thread] DEBUG Input                - Clearing active input actions
07:19:00.784 [JavaFX Application Thread] DEBUG GameApplicationServi - Removing overlay from FXGLMainMenuDummyScene and adding to FXGLDefaultMenu
07:19:00.785 [JavaFX Application Thread] DEBUG PrimaryStageWindow   - FXGLMainMenuDummyScene -> FXGLDefaultMenu
07:19:00.945 [FXGL Background Thread 4 ] DEBUG FXGLAssetLoaderServi - Loading from file system: jar:file:///C:/Users/rever/.m2/repository/com/github/almasb/fxgl/17.2/fxgl-17.2.jar!/fxglassets/ui/fonts/Abel-Regular.ttf
07:19:00.949 [FXGL Background Thread 4 ] DEBUG FXGLAssetLoaderServi - Loading from file system: jar:file:///C:/Users/rever/.m2/repository/com/github/almasb/fxgl/17.2/fxgl-17.2.jar!/fxglassets/ui/fonts/TerminalLandMono-Regular.otf
07:19:00.955 [FXGL Background Thread 4 ] DEBUG FXGLAssetLoaderServi - Loading from file system: jar:file:///C:/Users/rever/.m2/repository/com/github/almasb/fxgl/17.2/fxgl-17.2.jar!/fxglassets/ui/fonts/Courier-Prime.ttf
07:19:01.119 [JavaFX Application Thread] DEBUG FXGLApplication      - Registering font factories with UI factory
07:19:01.501 [JavaFX Application Thread] DEBUG Menu                 - fireNewGame()
07:19:01.501 [JavaFX Application Thread] DEBUG GameApplicationServi - Starting new game
07:19:01.510 [JavaFX Application Thread] DEBUG PrimaryStageWindow   - Pop state: FXGLDefaultMenu
07:19:01.511 [JavaFX Application Thread] DEBUG Input                - Clearing active input actions
07:19:01.511 [JavaFX Application Thread] DEBUG GameApplicationServi - Removing overlay from FXGLDefaultMenu and adding to FXGLMainMenuDummyScene
07:19:01.512 [JavaFX Application Thread] DEBUG PrimaryStageWindow   - FXGLMainMenuDummyScene <- FXGLDefaultMenu
07:19:01.512 [JavaFX Application Thread] DEBUG Input                - Clearing active input actions
07:19:01.523 [JavaFX Application Thread] DEBUG GameApplicationServi - Removing overlay from FXGLMainMenuDummyScene and adding to FXGLLoadingScene
07:19:01.523 [JavaFX Application Thread] DEBUG PrimaryStageWindow   - FXGLMainMenuDummyScene -> FXGLLoadingScene
07:19:01.523 [JavaFX Application Thread] DEBUG GameApplicationServi - Clearing previous game
07:19:01.523 [JavaFX Application Thread] DEBUG GameScene            - Clearing game scene
07:19:01.523 [JavaFX Application Thread] DEBUG GameWorld            - Clearing game world
07:19:01.524 [JavaFX Application Thread] DEBUG PhysicsWorld         - Clearing physics world
07:19:01.527 [FXGL Background Thread 4 ] DEBUG FXGLApplication      - Initializing game
07:19:01.612 [FXGL Background Thread 4 ] DEBUG FXGLAssetLoaderServi - Loading from file system: file:/C:/Users/rever/OneDrive/Documentos/Cuati7/Monitores/PortOfShipmen/target/classes/assets/textures/bg1.png
07:19:01.613 [JavaFX Application Thread] DEBUG FXGLAssetLoaderServi - Loading from file system: file:/C:/Users/rever/OneDrive/Documentos/Cuati7/Monitores/PortOfShipmen/target/classes/assets/textures/banner.png
07:19:01.637 [FXGL Background Thread 4 ] INFO  FXGLApplication      - Game initialization took: 0.109 sec
07:19:01.638 [JavaFX Application Thread] DEBUG Input                - Clearing active input actions
07:19:01.648 [JavaFX Application Thread] DEBUG GameApplicationServi - Removing overlay from FXGLLoadingScene and adding to GameScene
07:19:01.648 [JavaFX Application Thread] DEBUG PrimaryStageWindow   - FXGLLoadingScene -> GameScene
07:19:03.616 [FXGL Background Thread 3 ] DEBUG Engine               - Logging environment variables
07:19:03.617 [FXGL Background Thread 3 ] DEBUG Engine               - achievements: []
07:19:03.617 [FXGL Background Thread 3 ] DEBUG Engine               - actualHeight: 432.0
07:19:03.618 [FXGL Background Thread 3 ] DEBUG Engine               - actualHeightProperty: ReadOnlyDoubleProperty [value: 432.0]
07:19:03.618 [FXGL Background Thread 3 ] DEBUG Engine               - actualWidth: 768.0
07:19:03.618 [FXGL Background Thread 3 ] DEBUG Engine               - actualWidthProperty: ReadOnlyDoubleProperty [value: 768.0]
07:19:03.618 [FXGL Background Thread 3 ] DEBUG Engine               - appIcon: fxgl_icon.png
07:19:03.618 [FXGL Background Thread 3 ] DEBUG Engine               - applicationMode: DEVELOPER
07:19:03.618 [FXGL Background Thread 3 ] DEBUG Engine               - cSSList: [fxgl_dark.css]
07:19:03.619 [FXGL Background Thread 3 ] DEBUG Engine               - collisionDetectionStrategy: BRUTE_FORCE
07:19:03.619 [FXGL Background Thread 3 ] DEBUG Engine               - configClass: Optional.empty
07:19:03.619 [FXGL Background Thread 3 ] DEBUG Engine               - credits: []
07:19:03.620 [FXGL Background Thread 3 ] DEBUG Engine               - defaultCursor: CursorInfo(imageName=fxgl_default_cursor.png, hotspotX=7.0, hotspotY=6.0)
07:19:03.620 [FXGL Background Thread 3 ] DEBUG Engine               - devBBoxColorProperty: ObjectProperty [value: 0xff0000ff]
07:19:03.620 [FXGL Background Thread 3 ] DEBUG Engine               - devEnableDebugCameraProperty: BooleanProperty [value: false]
07:19:03.620 [FXGL Background Thread 3 ] DEBUG Engine               - devSensorColorProperty: ObjectProperty [value: 0xffff00ff]
07:19:03.621 [FXGL Background Thread 3 ] DEBUG Engine               - devShowBBoxProperty: BooleanProperty [value: false]
07:19:03.621 [FXGL Background Thread 3 ] DEBUG Engine               - devShowPositionProperty: BooleanProperty [value: false]
07:19:03.621 [FXGL Background Thread 3 ] DEBUG Engine               - enabledMenuItems: []
07:19:03.621 [FXGL Background Thread 3 ] DEBUG Engine               - engineServices: [class com.almasb.fxgl.app.services.FXGLAssetLoaderService, class com.almasb.fxgl.app.FXGLApplication$GameApplicationService, class com.almasb.fxgl.app.services.FXGLDialogService, class com.almasb.fxgl.app.services.IOTaskExecutorService, class com.almasb.fxgl.io.FileSystemService, class com.almasb.fxgl.localization.LocalizationService, class com.almasb.fxgl.app.services.SystemBundleService, class com.almasb.fxgl.profile.SaveLoadService, class com.almasb.fxgl.ui.FXGLUIFactoryServiceProvider, class com.almasb.fxgl.ui.FXGLDialogFactoryServiceProvider, class com.almasb.fxgl.audio.AudioPlayer, class com.almasb.fxgl.notification.impl.NotificationServiceProvider, class com.almasb.fxgl.achievement.AchievementService, class com.almasb.fxgl.cutscene.CutsceneService, class com.almasb.fxgl.minigames.MiniGameService, class com.almasb.fxgl.net.NetService, class com.almasb.fxgl.app.services.UpdaterService, class com.almasb.fxgl.dev.DevService]
07:19:03.621 [FXGL Background Thread 3 ] DEBUG Engine               - fontGame: Abel-Regular.ttf
07:19:03.621 [FXGL Background Thread 3 ] DEBUG Engine               - fontMono: TerminalLandMono-Regular.otf
07:19:03.621 [FXGL Background Thread 3 ] DEBUG Engine               - fontText: Courier-Prime.ttf
07:19:03.621 [FXGL Background Thread 3 ] DEBUG Engine               - fontUI: VarelaRound-Regular.ttf
07:19:03.622 [FXGL Background Thread 3 ] DEBUG Engine               - fullScreen: BooleanProperty [value: false]
07:19:03.622 [FXGL Background Thread 3 ] DEBUG Engine               - gameDifficulty: MEDIUM
07:19:03.622 [FXGL Background Thread 3 ] DEBUG Engine               - gameDifficultyProperty: ObjectProperty [value: MEDIUM]
07:19:03.622 [FXGL Background Thread 3 ] DEBUG Engine               - globalMusicVolume: 0.5
07:19:03.622 [FXGL Background Thread 3 ] DEBUG Engine               - globalMusicVolumeProperty: DoubleProperty [value: 0.5]
07:19:03.622 [FXGL Background Thread 3 ] DEBUG Engine               - globalSoundVolume: 0.5
07:19:03.623 [FXGL Background Thread 3 ] DEBUG Engine               - globalSoundVolumeProperty: DoubleProperty [value: 0.5]
07:19:03.623 [FXGL Background Thread 3 ] DEBUG Engine               - height: 432
07:19:03.623 [FXGL Background Thread 3 ] DEBUG Engine               - is3D: false
07:19:03.623 [FXGL Background Thread 3 ] DEBUG Engine               - isAndroid: false
07:19:03.623 [FXGL Background Thread 3 ] DEBUG Engine               - isBrowser: false
07:19:03.623 [FXGL Background Thread 3 ] DEBUG Engine               - isClickFeedbackEnabled: false
07:19:03.623 [FXGL Background Thread 3 ] DEBUG Engine               - isCloseConfirmation: false
07:19:03.624 [FXGL Background Thread 3 ] DEBUG Engine               - isDesktop: true
07:19:03.624 [FXGL Background Thread 3 ] DEBUG Engine               - isDeveloperMenuEnabled: false
07:19:03.624 [FXGL Background Thread 3 ] DEBUG Engine               - isEmbedded: false
07:19:03.624 [FXGL Background Thread 3 ] DEBUG Engine               - isEntityPreloadEnabled: true
07:19:03.624 [FXGL Background Thread 3 ] DEBUG Engine               - isExperimentalTiledLargeMap: false
07:19:03.624 [FXGL Background Thread 3 ] DEBUG Engine               - isFileSystemWriteAllowed: true
07:19:03.625 [FXGL Background Thread 3 ] DEBUG Engine               - isFullScreenAllowed: false
07:19:03.625 [FXGL Background Thread 3 ] DEBUG Engine               - isFullScreenFromStart: false
07:19:03.625 [FXGL Background Thread 3 ] DEBUG Engine               - isGameMenuEnabled: true
07:19:03.625 [FXGL Background Thread 3 ] DEBUG Engine               - isIOS: false
07:19:03.625 [FXGL Background Thread 3 ] DEBUG Engine               - isIntroEnabled: false
07:19:03.625 [FXGL Background Thread 3 ] DEBUG Engine               - isLinux: false
07:19:03.626 [FXGL Background Thread 3 ] DEBUG Engine               - isMac: false
07:19:03.626 [FXGL Background Thread 3 ] DEBUG Engine               - isMainMenuEnabled: true
07:19:03.626 [FXGL Background Thread 3 ] DEBUG Engine               - isManualResizeEnabled: false
07:19:03.626 [FXGL Background Thread 3 ] DEBUG Engine               - isMobile: false
07:19:03.626 [FXGL Background Thread 3 ] DEBUG Engine               - isNative: false
07:19:03.626 [FXGL Background Thread 3 ] DEBUG Engine               - isPauseMusicWhenMinimized: true
07:19:03.626 [FXGL Background Thread 3 ] DEBUG Engine               - isPreserveResizeRatio: false
07:19:03.626 [FXGL Background Thread 3 ] DEBUG Engine               - isProfilingEnabled: false
07:19:03.627 [FXGL Background Thread 3 ] DEBUG Engine               - isScaleAffectedOnResize: true
07:19:03.627 [FXGL Background Thread 3 ] DEBUG Engine               - isSingleStep: false
07:19:03.627 [FXGL Background Thread 3 ] DEBUG Engine               - isUserProfileEnabled: false
07:19:03.627 [FXGL Background Thread 3 ] DEBUG Engine               - isWindows: true
07:19:03.627 [FXGL Background Thread 3 ] DEBUG Engine               - language: ObjectProperty [value: ENGLISH]
07:19:03.627 [FXGL Background Thread 3 ] DEBUG Engine               - menuKey: ESCAPE
07:19:03.627 [FXGL Background Thread 3 ] DEBUG Engine               - mouseSensitivity: 0.2
07:19:03.627 [FXGL Background Thread 3 ] DEBUG Engine               - notificationViewClass: class com.almasb.fxgl.notification.view.XboxNotificationView
07:19:03.628 [FXGL Background Thread 3 ] DEBUG Engine               - pixelsPerMeter: 50.0
07:19:03.628 [FXGL Background Thread 3 ] DEBUG Engine               - platform: WINDOWS
07:19:03.628 [FXGL Background Thread 3 ] DEBUG Engine               - prefHeightProperty: ReadOnlyDoubleProperty [value: 432.0]
07:19:03.628 [FXGL Background Thread 3 ] DEBUG Engine               - prefWidthProperty: ReadOnlyDoubleProperty [value: 768.0]
07:19:03.628 [FXGL Background Thread 3 ] DEBUG Engine               - profileDir: profiles/
07:19:03.628 [FXGL Background Thread 3 ] DEBUG Engine               - profileName: StringProperty [value: DEFAULT]
07:19:03.628 [FXGL Background Thread 3 ] DEBUG Engine               - randomSeed: -1
07:19:03.629 [FXGL Background Thread 3 ] DEBUG Engine               - runtimeInfo: RuntimeInfo(platform=WINDOWS, version=17.2, build=20.08.2022 16.50)
07:19:03.630 [FXGL Background Thread 3 ] DEBUG Engine               - saveFileExt: sav
07:19:03.630 [FXGL Background Thread 3 ] DEBUG Engine               - scaledHeightProp$fxgl: DoubleProperty [bound, value: 432.0]
07:19:03.630 [FXGL Background Thread 3 ] DEBUG Engine               - scaledWidthProp$fxgl: DoubleProperty [bound, value: 768.0]
07:19:03.630 [FXGL Background Thread 3 ] DEBUG Engine               - sceneFactory: com.almasb.fxgl.app.scene.SceneFactory@7caf920
07:19:03.630 [FXGL Background Thread 3 ] DEBUG Engine               - secondsIn24h: 60
07:19:03.630 [FXGL Background Thread 3 ] DEBUG Engine               - soundMenuBack: menu/back.wav
07:19:03.630 [FXGL Background Thread 3 ] DEBUG Engine               - soundMenuPress: menu/press.wav
07:19:03.631 [FXGL Background Thread 3 ] DEBUG Engine               - soundMenuSelect: menu/select.wav
07:19:03.631 [FXGL Background Thread 3 ] DEBUG Engine               - soundNotification: core/notification.wav
07:19:03.631 [FXGL Background Thread 3 ] DEBUG Engine               - stageStyle: DECORATED
07:19:03.631 [FXGL Background Thread 3 ] DEBUG Engine               - supportedLanguages: [ENGLISH, FRENCH, GERMAN, HUNGARIAN, RUSSIAN]
07:19:03.631 [FXGL Background Thread 3 ] DEBUG Engine               - ticksPerSecond: -1
07:19:03.631 [FXGL Background Thread 3 ] DEBUG Engine               - title: Port of Shipmen
07:19:03.631 [FXGL Background Thread 3 ] DEBUG Engine               - urlGithub: https://github.com/AlmasB/FXGL
07:19:03.632 [FXGL Background Thread 3 ] DEBUG Engine               - urlLeaderboard: http://fxgl-top.herokuapp.com/
07:19:03.632 [FXGL Background Thread 3 ] DEBUG Engine               - urlPOM: https://raw.githubusercontent.com/AlmasB/FXGL/release/README.md
07:19:03.632 [FXGL Background Thread 3 ] DEBUG Engine               - userAppClass: class com.example.portofshipmen.GameMain
07:19:03.632 [FXGL Background Thread 3 ] DEBUG Engine               - version: 0.1
07:19:03.632 [FXGL Background Thread 3 ] DEBUG Engine               - versionCheckDays: 7
07:19:03.632 [FXGL Background Thread 3 ] DEBUG Engine               - width: 768
07:19:03.632 [FXGL Background Thread 3 ] DEBUG Engine               - Logging services
07:19:03.632 [FXGL Background Thread 3 ] DEBUG Engine               - class com.almasb.fxgl.app.services.FXGLAssetLoaderService
07:19:03.633 [FXGL Background Thread 3 ] DEBUG Engine               - class com.almasb.fxgl.app.FXGLApplication$GameApplicationService
07:19:03.633 [FXGL Background Thread 3 ] DEBUG Engine               - class com.almasb.fxgl.app.services.FXGLDialogService
07:19:03.633 [FXGL Background Thread 3 ] DEBUG Engine               - class com.almasb.fxgl.app.services.IOTaskExecutorService
07:19:03.633 [FXGL Background Thread 3 ] DEBUG Engine               - class com.almasb.fxgl.io.FileSystemService
07:19:03.633 [FXGL Background Thread 3 ] DEBUG Engine               - class com.almasb.fxgl.localization.LocalizationService
07:19:03.633 [FXGL Background Thread 3 ] DEBUG Engine               - class com.almasb.fxgl.app.services.SystemBundleService
07:19:03.633 [FXGL Background Thread 3 ] DEBUG Engine               - class com.almasb.fxgl.profile.SaveLoadService
07:19:03.633 [FXGL Background Thread 3 ] DEBUG Engine               - class com.almasb.fxgl.ui.FXGLUIFactoryServiceProvider
07:19:03.633 [FXGL Background Thread 3 ] DEBUG Engine               - class com.almasb.fxgl.ui.FXGLDialogFactoryServiceProvider
07:19:03.633 [FXGL Background Thread 3 ] DEBUG Engine               - class com.almasb.fxgl.audio.AudioPlayer
07:19:03.634 [FXGL Background Thread 3 ] DEBUG Engine               - class com.almasb.fxgl.notification.impl.NotificationServiceProvider
07:19:03.634 [FXGL Background Thread 3 ] DEBUG Engine               - class com.almasb.fxgl.achievement.AchievementService
07:19:03.634 [FXGL Background Thread 3 ] DEBUG Engine               - class com.almasb.fxgl.cutscene.CutsceneService
07:19:03.634 [FXGL Background Thread 3 ] DEBUG Engine               - class com.almasb.fxgl.minigames.MiniGameService
07:19:03.634 [FXGL Background Thread 3 ] DEBUG Engine               - class com.almasb.fxgl.net.NetService
07:19:03.634 [FXGL Background Thread 3 ] DEBUG Engine               - class com.almasb.fxgl.app.services.UpdaterService
07:19:03.634 [FXGL Background Thread 3 ] DEBUG Engine               - class com.almasb.fxgl.dev.DevService
07:19:04.615 [JavaFX Application Thread] DEBUG FXGLAssetLoaderServi - Loading from file system: file:/C:/Users/rever/OneDrive/Documentos/Cuati7/Monitores/PortOfShipmen/target/classes/assets/textures/car.png
07:19:04.620 [JavaFX Application Thread] DEBUG FXGLAssetLoaderServi - Loading from file system: file:/C:/Users/rever/OneDrive/Documentos/Cuati7/Monitores/PortOfShipmen/target/classes/assets/textures/burger.png
07:19:05.314 [FXGL Background Thread 2 ] INFO  UpdaterService       - Your current version:  17.2
07:19:05.314 [FXGL Background Thread 2 ] INFO  UpdaterService       - Latest stable version: 17.3
07:19:06.616 [JavaFX Application Thread] DEBUG FXGLAssetLoaderServi - Loading from file system: file:/C:/Users/rever/OneDrive/Documentos/Cuati7/Monitores/PortOfShipmen/target/classes/assets/textures/ship.png
07:19:12.189 [JavaFX Application Thread] DEBUG FXGLApplication      - Exiting FXGL
07:19:12.190 [JavaFX Application Thread] DEBUG LoopRunner           - Stopping loop
07:19:12.190 [JavaFX Application Thread] DEBUG SystemBundleService  - Saving FXGL system data
07:19:12.195 [JavaFX Application Thread] DEBUG FileSystemAccess     - Writing to: C:\Users\rever\OneDrive\Documentos\Cuati7\Monitores\PortOfShipmen\system\fxgl.bundle
07:19:12.200 [JavaFX Application Thread] DEBUG Async                - Shutting down background threads
07:19:12.200 [JavaFX Application Thread] DEBUG PrimaryStageWindow   - Closing main window
07:19:12.234 [JavaFX Application Thread] DEBUG Logger               - Closing Logger
