11:35:49.611 [main                     ] DEBUG Logger               - Configured Logger
11:35:49.660 [main                     ] DEBUG GameApplication      - Logging settings
Title: Port of Shipmen
Version: 0.1
Width: 768
Height: 432
Fullscreen: false
Intro: false
Profiling: false
Single step:false
App Mode: DEVELOPER
Menu Key: ESCAPE
Stage Style: DECORATED
Scene Factory: class com.almasb.fxgl.app.scene.SceneFactory

11:35:52.198 [JavaFX Application Thread] DEBUG FXGLApplication      - Initializing FXGL
11:35:52.206 [JavaFX Application Thread] INFO  Engine               - FXGL-17.2 (20.08.2022 16.50) on WINDOWS (J:17.0.8 FX:17.0.2-ea)
11:35:52.206 [JavaFX Application Thread] DEBUG Engine               - JRE Vendor Name: Amazon.com Inc.
11:35:52.206 [JavaFX Application Thread] DEBUG Engine               - Running on OS: Windows 11 version 10.0
11:35:52.207 [JavaFX Application Thread] DEBUG Engine               - Architecture: amd64
11:35:52.207 [JavaFX Application Thread] INFO  Engine               - Source code and latest versions at: https://github.com/AlmasB/FXGL
11:35:52.207 [JavaFX Application Thread] INFO  Engine               -       Ask questions and discuss at: https://github.com/AlmasB/FXGL/discussions
11:35:52.207 [JavaFX Application Thread] INFO  Engine               -              Join the FXGL chat at: https://gitter.im/AlmasB/FXGL
11:35:52.298 [JavaFX Application Thread] DEBUG PrimaryStageWindow   - Creating a JavaFX scene
11:35:52.550 [JavaFX Application Thread] DEBUG PrimaryStageWindow   - Target settings size: 768.0 x 432.0
11:35:52.550 [JavaFX Application Thread] DEBUG PrimaryStageWindow   - Scaled scene size:    768.0 x 432.0
11:35:52.552 [JavaFX Application Thread] DEBUG PrimaryStageWindow   - Scaled ratio: (1.0, 1.0)
11:35:52.554 [JavaFX Application Thread] DEBUG PrimaryStageWindow   - Set initial scene to FXGLStartupScene
11:35:52.565 [JavaFX Application Thread] DEBUG PrimaryStageWindow   - Opening main window
11:35:52.889 [JavaFX Application Thread] DEBUG PrimaryStageWindow   - Window border size: (14.66668701171875, 37.333343505859375)
11:35:52.889 [JavaFX Application Thread] DEBUG PrimaryStageWindow   - Scaled size: 768.0 x 432.0
11:35:52.890 [JavaFX Application Thread] DEBUG PrimaryStageWindow   - Scaled ratio: (1.0, 1.0)
11:35:52.890 [JavaFX Application Thread] DEBUG PrimaryStageWindow   - Scene size: 768.0 x 432.0
11:35:52.892 [JavaFX Application Thread] DEBUG PrimaryStageWindow   - Stage size: 782.6666870117188 x 469.3333435058594
11:35:52.903 [FXGL Background Thread 1 ] DEBUG Engine               - Initializing environment variables
11:35:52.970 [FXGL Background Thread 1 ] DEBUG FXGLAssetLoaderServi - User app class for loading assets: class com.example.portofshipmen.GameMain
11:35:52.970 [FXGL Background Thread 1 ] DEBUG GameApplicationServi - Applying CSS: fxgl_dark.css
11:35:52.971 [FXGL Background Thread 1 ] DEBUG FXGLAssetLoaderServi - Loading from file system: jar:file:///C:/Users/Admin/.m2/repository/com/github/almasb/fxgl/17.2/fxgl-17.2.jar!/fxglassets/ui/css/fxgl_dark.css
11:35:53.035 [FXGL Background Thread 1 ] DEBUG GameApplicationServi - Initializing application scenes
11:35:53.090 [FXGL Background Thread 1 ] DEBUG GameWorld            - Game world initialized
11:35:53.196 [FXGL Background Thread 1 ] DEBUG PhysicsWorld         - Physics world initialized: appHeight=432, physics.ppm=50.0
11:35:53.196 [FXGL Background Thread 1 ] DEBUG PhysicsWorld         - Using strategy: BRUTE_FORCE
11:35:53.205 [FXGL Background Thread 1 ] DEBUG GameScene            - Game scene initialized: 768x432
11:35:53.224 [FXGL Background Thread 1 ] WARN  FXGL.DefaultMenu     - FXGLDefaultMenu is not designed for resolutions < 800x600
11:35:53.224 [FXGL Background Thread 1 ] DEBUG FXGL.DefaultMenu     - createMenuBodyMainMenu()
11:35:53.254 [FXGL Background Thread 1 ] DEBUG FXGL.DefaultMenu     - createOptionsMenu()
11:35:53.270 [FXGL Background Thread 1 ] DEBUG FXGLAssetLoaderServi - Loading from file system: jar:file:///C:/Users/Admin/.m2/repository/com/github/almasb/fxgl/17.2/fxgl-17.2.jar!/fxglassets/textures/particles/smoke.png
11:35:53.405 [FXGL Background Thread 1 ] DEBUG FXGLAssetLoaderServi - Loading from file system: jar:file:///C:/Users/Admin/.m2/repository/com/github/almasb/fxgl/17.2/fxgl-17.2.jar!/fxglassets/textures/particles/trace_horizontal.png
11:35:53.499 [FXGL Background Thread 1 ] WARN  FXGL.DefaultMenu     - FXGLDefaultMenu is not designed for resolutions < 800x600
11:35:53.499 [FXGL Background Thread 1 ] DEBUG FXGL.DefaultMenu     - createMenuBodyGameMenu()
11:35:53.501 [FXGL Background Thread 1 ] DEBUG FXGL.DefaultMenu     - createOptionsMenu()
11:35:53.523 [FXGL Background Thread 1 ] DEBUG GameApplicationServi - Application scenes initialized
11:35:53.542 [FXGL Background Thread 1 ] DEBUG SystemBundleService  - Loading FXGL system data
11:35:53.551 [FXGL Background Thread 1 ] DEBUG FileSystemAccess     - Reading from: C:\Users\Admin\Desktop\7.2\newsc3\system\fxgl.bundle
11:35:53.561 [FXGL Background Thread 1 ] DEBUG SystemBundleService  - Bundle FXGL: {}
11:35:53.562 [FXGL Background Thread 1 ] DEBUG UpdaterService       - Checking for updates
11:35:53.566 [FXGL Background Thread 4 ] DEBUG FXGLApplication      - Loading fonts
11:35:53.566 [FXGL Background Thread 1 ] DEBUG FXGLApplication      - Loading default localization
11:35:53.566 [FXGL Background Thread 4 ] DEBUG FXGLAssetLoaderServi - Loading from file system: jar:file:///C:/Users/Admin/.m2/repository/com/github/almasb/fxgl/17.2/fxgl-17.2.jar!/fxglassets/ui/fonts/VarelaRound-Regular.ttf
11:35:53.567 [FXGL Background Thread 1 ] DEBUG FXGLAssetLoaderServi - Loading from file system: jar:file:///C:/Users/Admin/.m2/repository/com/github/almasb/fxgl/17.2/fxgl-17.2.jar!/fxglassets/languages/english.lang
11:35:53.610 [FXGL Background Thread 1 ] INFO  FXGLApplication      - FXGL initialization took: 0.707 sec
11:35:53.612 [JavaFX Application Thread] DEBUG FXGLAssetLoaderServi - Loading from file system: jar:file:///C:/Users/Admin/.m2/repository/com/github/almasb/fxgl/17.2/fxgl-17.2.jar!/fxglassets/textures/fxgl_icon.png
11:35:53.661 [JavaFX Application Thread] DEBUG FXGLAssetLoaderServi - Loading from file system: jar:file:///C:/Users/Admin/.m2/repository/com/github/almasb/fxgl/17.2/fxgl-17.2.jar!/fxglassets/textures/fxgl_default_cursor.png
11:35:53.684 [JavaFX Application Thread] DEBUG Input                - Registered new binding: Screenshot - CTRL+8
11:35:53.685 [JavaFX Application Thread] DEBUG Input                - Registered new binding: System info dump - CTRL+9
11:35:53.686 [JavaFX Application Thread] DEBUG Input                - Registered new binding: Restart - CTRL+R
11:35:53.687 [JavaFX Application Thread] DEBUG Input                - Registered new binding: Toggle Debug Camera - CTRL+7
11:35:53.690 [JavaFX Application Thread] DEBUG LoopRunner           - Starting loop
11:35:53.690 [JavaFX Application Thread] DEBUG LoopRunner           - Initializing JavaFX AnimationTimerLoop
11:35:53.695 [JavaFX Application Thread] DEBUG Input                - Clearing active input actions
11:35:53.705 [FXGL Background Thread 4 ] DEBUG FXGLAssetLoaderServi - Loading from file system: jar:file:///C:/Users/Admin/.m2/repository/com/github/almasb/fxgl/17.2/fxgl-17.2.jar!/fxglassets/ui/fonts/Abel-Regular.ttf
11:35:53.708 [JavaFX Application Thread] DEBUG GameApplicationServi - Removing overlay from FXGLStartupScene and adding to FXGLMainMenuDummyScene
11:35:53.709 [JavaFX Application Thread] DEBUG PrimaryStageWindow   - FXGLStartupScene -> FXGLMainMenuDummyScene
11:35:53.709 [JavaFX Application Thread] DEBUG PrimaryStageWindow   - Push state: FXGLDefaultMenu
11:35:53.718 [JavaFX Application Thread] DEBUG Input                - Clearing active input actions
11:35:53.724 [FXGL Background Thread 4 ] DEBUG FXGLAssetLoaderServi - Loading from file system: jar:file:///C:/Users/Admin/.m2/repository/com/github/almasb/fxgl/17.2/fxgl-17.2.jar!/fxglassets/ui/fonts/TerminalLandMono-Regular.otf
11:35:53.733 [JavaFX Application Thread] DEBUG GameApplicationServi - Removing overlay from FXGLMainMenuDummyScene and adding to FXGLDefaultMenu
11:35:53.734 [JavaFX Application Thread] DEBUG PrimaryStageWindow   - FXGLMainMenuDummyScene -> FXGLDefaultMenu
11:35:53.741 [FXGL Background Thread 4 ] DEBUG FXGLAssetLoaderServi - Loading from file system: jar:file:///C:/Users/Admin/.m2/repository/com/github/almasb/fxgl/17.2/fxgl-17.2.jar!/fxglassets/ui/fonts/Courier-Prime.ttf
11:35:53.838 [JavaFX Application Thread] DEBUG FXGLApplication      - Registering font factories with UI factory
11:35:56.567 [FXGL Background Thread 3 ] DEBUG Engine               - Logging environment variables
11:35:56.569 [FXGL Background Thread 3 ] DEBUG Engine               - achievements: []
11:35:56.571 [FXGL Background Thread 3 ] DEBUG Engine               - actualHeight: 432.0
11:35:56.572 [FXGL Background Thread 3 ] DEBUG Engine               - actualHeightProperty: ReadOnlyDoubleProperty [value: 432.0]
11:35:56.573 [FXGL Background Thread 3 ] DEBUG Engine               - actualWidth: 768.0
11:35:56.574 [FXGL Background Thread 3 ] DEBUG Engine               - actualWidthProperty: ReadOnlyDoubleProperty [value: 768.0]
11:35:56.574 [FXGL Background Thread 3 ] DEBUG Engine               - appIcon: fxgl_icon.png
11:35:56.575 [FXGL Background Thread 3 ] DEBUG Engine               - applicationMode: DEVELOPER
11:35:56.575 [FXGL Background Thread 3 ] DEBUG Engine               - cSSList: [fxgl_dark.css]
11:35:56.576 [FXGL Background Thread 3 ] DEBUG Engine               - collisionDetectionStrategy: BRUTE_FORCE
11:35:56.577 [FXGL Background Thread 3 ] DEBUG Engine               - configClass: Optional.empty
11:35:56.577 [FXGL Background Thread 3 ] DEBUG Engine               - credits: []
11:35:56.579 [FXGL Background Thread 3 ] DEBUG Engine               - defaultCursor: CursorInfo(imageName=fxgl_default_cursor.png, hotspotX=7.0, hotspotY=6.0)
11:35:56.580 [FXGL Background Thread 3 ] DEBUG Engine               - devBBoxColorProperty: ObjectProperty [value: 0xff0000ff]
11:35:56.581 [FXGL Background Thread 3 ] DEBUG Engine               - devEnableDebugCameraProperty: BooleanProperty [value: false]
11:35:56.582 [FXGL Background Thread 3 ] DEBUG Engine               - devSensorColorProperty: ObjectProperty [value: 0xffff00ff]
11:35:56.583 [FXGL Background Thread 3 ] DEBUG Engine               - devShowBBoxProperty: BooleanProperty [value: false]
11:35:56.583 [FXGL Background Thread 3 ] DEBUG Engine               - devShowPositionProperty: BooleanProperty [value: false]
11:35:56.583 [FXGL Background Thread 3 ] DEBUG Engine               - enabledMenuItems: []
11:35:56.584 [FXGL Background Thread 3 ] DEBUG Engine               - engineServices: [class com.almasb.fxgl.app.services.FXGLAssetLoaderService, class com.almasb.fxgl.app.FXGLApplication$GameApplicationService, class com.almasb.fxgl.app.services.FXGLDialogService, class com.almasb.fxgl.app.services.IOTaskExecutorService, class com.almasb.fxgl.io.FileSystemService, class com.almasb.fxgl.localization.LocalizationService, class com.almasb.fxgl.app.services.SystemBundleService, class com.almasb.fxgl.profile.SaveLoadService, class com.almasb.fxgl.ui.FXGLUIFactoryServiceProvider, class com.almasb.fxgl.ui.FXGLDialogFactoryServiceProvider, class com.almasb.fxgl.audio.AudioPlayer, class com.almasb.fxgl.notification.impl.NotificationServiceProvider, class com.almasb.fxgl.achievement.AchievementService, class com.almasb.fxgl.cutscene.CutsceneService, class com.almasb.fxgl.minigames.MiniGameService, class com.almasb.fxgl.net.NetService, class com.almasb.fxgl.app.services.UpdaterService, class com.almasb.fxgl.dev.DevService]
11:35:56.584 [FXGL Background Thread 3 ] DEBUG Engine               - fontGame: Abel-Regular.ttf
11:35:56.584 [FXGL Background Thread 3 ] DEBUG Engine               - fontMono: TerminalLandMono-Regular.otf
11:35:56.585 [FXGL Background Thread 3 ] DEBUG Engine               - fontText: Courier-Prime.ttf
11:35:56.585 [FXGL Background Thread 3 ] DEBUG Engine               - fontUI: VarelaRound-Regular.ttf
11:35:56.585 [FXGL Background Thread 3 ] DEBUG Engine               - fullScreen: BooleanProperty [value: false]
11:35:56.585 [FXGL Background Thread 3 ] DEBUG Engine               - gameDifficulty: MEDIUM
11:35:56.585 [FXGL Background Thread 3 ] DEBUG Engine               - gameDifficultyProperty: ObjectProperty [value: MEDIUM]
11:35:56.586 [FXGL Background Thread 3 ] DEBUG Engine               - globalMusicVolume: 0.5
11:35:56.586 [FXGL Background Thread 3 ] DEBUG Engine               - globalMusicVolumeProperty: DoubleProperty [value: 0.5]
11:35:56.586 [FXGL Background Thread 3 ] DEBUG Engine               - globalSoundVolume: 0.5
11:35:56.587 [FXGL Background Thread 3 ] DEBUG Engine               - globalSoundVolumeProperty: DoubleProperty [value: 0.5]
11:35:56.587 [FXGL Background Thread 3 ] DEBUG Engine               - height: 432
11:35:56.587 [FXGL Background Thread 3 ] DEBUG Engine               - is3D: false
11:35:56.588 [FXGL Background Thread 3 ] DEBUG Engine               - isAndroid: false
11:35:56.588 [FXGL Background Thread 3 ] DEBUG Engine               - isBrowser: false
11:35:56.589 [FXGL Background Thread 3 ] DEBUG Engine               - isClickFeedbackEnabled: false
11:35:56.589 [FXGL Background Thread 3 ] DEBUG Engine               - isCloseConfirmation: false
11:35:56.589 [FXGL Background Thread 3 ] DEBUG Engine               - isDesktop: true
11:35:56.589 [FXGL Background Thread 3 ] DEBUG Engine               - isDeveloperMenuEnabled: false
11:35:56.590 [FXGL Background Thread 3 ] DEBUG Engine               - isEmbedded: false
11:35:56.590 [FXGL Background Thread 3 ] DEBUG Engine               - isEntityPreloadEnabled: true
11:35:56.590 [FXGL Background Thread 3 ] DEBUG Engine               - isExperimentalTiledLargeMap: false
11:35:56.590 [FXGL Background Thread 3 ] DEBUG Engine               - isFileSystemWriteAllowed: true
11:35:56.591 [FXGL Background Thread 3 ] DEBUG Engine               - isFullScreenAllowed: false
11:35:56.591 [FXGL Background Thread 3 ] DEBUG Engine               - isFullScreenFromStart: false
11:35:56.591 [FXGL Background Thread 3 ] DEBUG Engine               - isGameMenuEnabled: true
11:35:56.592 [FXGL Background Thread 3 ] DEBUG Engine               - isIOS: false
11:35:56.592 [FXGL Background Thread 3 ] DEBUG Engine               - isIntroEnabled: false
11:35:56.592 [FXGL Background Thread 3 ] DEBUG Engine               - isLinux: false
11:35:56.592 [FXGL Background Thread 3 ] DEBUG Engine               - isMac: false
11:35:56.592 [FXGL Background Thread 3 ] DEBUG Engine               - isMainMenuEnabled: true
11:35:56.592 [FXGL Background Thread 3 ] DEBUG Engine               - isManualResizeEnabled: false
11:35:56.592 [FXGL Background Thread 3 ] DEBUG Engine               - isMobile: false
11:35:56.593 [FXGL Background Thread 3 ] DEBUG Engine               - isNative: false
11:35:56.593 [FXGL Background Thread 3 ] DEBUG Engine               - isPauseMusicWhenMinimized: true
11:35:56.593 [FXGL Background Thread 3 ] DEBUG Engine               - isPreserveResizeRatio: false
11:35:56.593 [FXGL Background Thread 3 ] DEBUG Engine               - isProfilingEnabled: false
11:35:56.593 [FXGL Background Thread 3 ] DEBUG Engine               - isScaleAffectedOnResize: true
11:35:56.594 [FXGL Background Thread 3 ] DEBUG Engine               - isSingleStep: false
11:35:56.594 [FXGL Background Thread 3 ] DEBUG Engine               - isUserProfileEnabled: false
11:35:56.594 [FXGL Background Thread 3 ] DEBUG Engine               - isWindows: true
11:35:56.595 [FXGL Background Thread 3 ] DEBUG Engine               - language: ObjectProperty [value: ENGLISH]
11:35:56.595 [FXGL Background Thread 3 ] DEBUG Engine               - menuKey: ESCAPE
11:35:56.595 [FXGL Background Thread 3 ] DEBUG Engine               - mouseSensitivity: 0.2
11:35:56.596 [FXGL Background Thread 3 ] DEBUG Engine               - notificationViewClass: class com.almasb.fxgl.notification.view.XboxNotificationView
11:35:56.596 [FXGL Background Thread 3 ] DEBUG Engine               - pixelsPerMeter: 50.0
11:35:56.597 [FXGL Background Thread 3 ] DEBUG Engine               - platform: WINDOWS
11:35:56.597 [FXGL Background Thread 3 ] DEBUG Engine               - prefHeightProperty: ReadOnlyDoubleProperty [value: 432.0]
11:35:56.597 [FXGL Background Thread 3 ] DEBUG Engine               - prefWidthProperty: ReadOnlyDoubleProperty [value: 768.0]
11:35:56.597 [FXGL Background Thread 3 ] DEBUG Engine               - profileDir: profiles/
11:35:56.598 [FXGL Background Thread 3 ] DEBUG Engine               - profileName: StringProperty [value: DEFAULT]
11:35:56.598 [FXGL Background Thread 3 ] DEBUG Engine               - randomSeed: -1
11:35:56.599 [FXGL Background Thread 3 ] DEBUG Engine               - runtimeInfo: RuntimeInfo(platform=WINDOWS, version=17.2, build=20.08.2022 16.50)
11:35:56.599 [FXGL Background Thread 3 ] DEBUG Engine               - saveFileExt: sav
11:35:56.599 [FXGL Background Thread 3 ] DEBUG Engine               - scaledHeightProp$fxgl: DoubleProperty [bound, value: 432.0]
11:35:56.600 [FXGL Background Thread 3 ] DEBUG Engine               - scaledWidthProp$fxgl: DoubleProperty [bound, value: 768.0]
11:35:56.600 [FXGL Background Thread 3 ] DEBUG Engine               - sceneFactory: com.almasb.fxgl.app.scene.SceneFactory@6f43a931
11:35:56.600 [FXGL Background Thread 3 ] DEBUG Engine               - secondsIn24h: 60
11:35:56.601 [FXGL Background Thread 3 ] DEBUG Engine               - soundMenuBack: menu/back.wav
11:35:56.601 [FXGL Background Thread 3 ] DEBUG Engine               - soundMenuPress: menu/press.wav
11:35:56.601 [FXGL Background Thread 3 ] DEBUG Engine               - soundMenuSelect: menu/select.wav
11:35:56.601 [FXGL Background Thread 3 ] DEBUG Engine               - soundNotification: core/notification.wav
11:35:56.601 [FXGL Background Thread 3 ] DEBUG Engine               - stageStyle: DECORATED
11:35:56.601 [FXGL Background Thread 3 ] DEBUG Engine               - supportedLanguages: [ENGLISH, FRENCH, GERMAN, HUNGARIAN, RUSSIAN]
11:35:56.601 [FXGL Background Thread 3 ] DEBUG Engine               - ticksPerSecond: -1
11:35:56.601 [FXGL Background Thread 3 ] DEBUG Engine               - title: Port of Shipmen
11:35:56.601 [FXGL Background Thread 3 ] DEBUG Engine               - urlGithub: https://github.com/AlmasB/FXGL
11:35:56.602 [FXGL Background Thread 3 ] DEBUG Engine               - urlLeaderboard: http://fxgl-top.herokuapp.com/
11:35:56.602 [FXGL Background Thread 3 ] DEBUG Engine               - urlPOM: https://raw.githubusercontent.com/AlmasB/FXGL/release/README.md
11:35:56.602 [FXGL Background Thread 3 ] DEBUG Engine               - userAppClass: class com.example.portofshipmen.GameMain
11:35:56.602 [FXGL Background Thread 3 ] DEBUG Engine               - version: 0.1
11:35:56.602 [FXGL Background Thread 3 ] DEBUG Engine               - versionCheckDays: 7
11:35:56.602 [FXGL Background Thread 3 ] DEBUG Engine               - width: 768
11:35:56.602 [FXGL Background Thread 3 ] DEBUG Engine               - Logging services
11:35:56.603 [FXGL Background Thread 3 ] DEBUG Engine               - class com.almasb.fxgl.app.services.FXGLAssetLoaderService
11:35:56.603 [FXGL Background Thread 3 ] DEBUG Engine               - class com.almasb.fxgl.app.FXGLApplication$GameApplicationService
11:35:56.603 [FXGL Background Thread 3 ] DEBUG Engine               - class com.almasb.fxgl.app.services.FXGLDialogService
11:35:56.603 [FXGL Background Thread 3 ] DEBUG Engine               - class com.almasb.fxgl.app.services.IOTaskExecutorService
11:35:56.603 [FXGL Background Thread 3 ] DEBUG Engine               - class com.almasb.fxgl.io.FileSystemService
11:35:56.603 [FXGL Background Thread 3 ] DEBUG Engine               - class com.almasb.fxgl.localization.LocalizationService
11:35:56.603 [FXGL Background Thread 3 ] DEBUG Engine               - class com.almasb.fxgl.app.services.SystemBundleService
11:35:56.604 [FXGL Background Thread 3 ] DEBUG Engine               - class com.almasb.fxgl.profile.SaveLoadService
11:35:56.604 [FXGL Background Thread 3 ] DEBUG Engine               - class com.almasb.fxgl.ui.FXGLUIFactoryServiceProvider
11:35:56.604 [FXGL Background Thread 3 ] DEBUG Engine               - class com.almasb.fxgl.ui.FXGLDialogFactoryServiceProvider
11:35:56.604 [FXGL Background Thread 3 ] DEBUG Engine               - class com.almasb.fxgl.audio.AudioPlayer
11:35:56.604 [FXGL Background Thread 3 ] DEBUG Engine               - class com.almasb.fxgl.notification.impl.NotificationServiceProvider
11:35:56.604 [FXGL Background Thread 3 ] DEBUG Engine               - class com.almasb.fxgl.achievement.AchievementService
11:35:56.604 [FXGL Background Thread 3 ] DEBUG Engine               - class com.almasb.fxgl.cutscene.CutsceneService
11:35:56.604 [FXGL Background Thread 3 ] DEBUG Engine               - class com.almasb.fxgl.minigames.MiniGameService
11:35:56.604 [FXGL Background Thread 3 ] DEBUG Engine               - class com.almasb.fxgl.net.NetService
11:35:56.604 [FXGL Background Thread 3 ] DEBUG Engine               - class com.almasb.fxgl.app.services.UpdaterService
11:35:56.604 [FXGL Background Thread 3 ] DEBUG Engine               - class com.almasb.fxgl.dev.DevService
11:36:03.588 [FXGL Background Thread 2 ] INFO  UpdaterService       - Your current version:  17.2
11:36:03.588 [FXGL Background Thread 2 ] INFO  UpdaterService       - Latest stable version: 17.3
11:36:59.857 [JavaFX Application Thread] DEBUG Menu                 - fireNewGame()
11:36:59.857 [JavaFX Application Thread] DEBUG GameApplicationServi - Starting new game
11:36:59.860 [JavaFX Application Thread] DEBUG PrimaryStageWindow   - Pop state: FXGLDefaultMenu
11:36:59.860 [JavaFX Application Thread] DEBUG Input                - Clearing active input actions
11:36:59.861 [JavaFX Application Thread] DEBUG GameApplicationServi - Removing overlay from FXGLDefaultMenu and adding to FXGLMainMenuDummyScene
11:36:59.861 [JavaFX Application Thread] DEBUG PrimaryStageWindow   - FXGLMainMenuDummyScene <- FXGLDefaultMenu
11:36:59.862 [JavaFX Application Thread] DEBUG Input                - Clearing active input actions
11:36:59.874 [JavaFX Application Thread] DEBUG GameApplicationServi - Removing overlay from FXGLMainMenuDummyScene and adding to FXGLLoadingScene
11:36:59.874 [JavaFX Application Thread] DEBUG PrimaryStageWindow   - FXGLMainMenuDummyScene -> FXGLLoadingScene
11:36:59.875 [JavaFX Application Thread] DEBUG GameApplicationServi - Clearing previous game
11:36:59.875 [JavaFX Application Thread] DEBUG GameScene            - Clearing game scene
11:36:59.875 [JavaFX Application Thread] DEBUG GameWorld            - Clearing game world
11:36:59.875 [JavaFX Application Thread] DEBUG PhysicsWorld         - Clearing physics world
11:36:59.877 [FXGL Background Thread 2 ] DEBUG FXGLApplication      - Initializing game
11:37:00.046 [FXGL Background Thread 2 ] DEBUG FXGLAssetLoaderServi - Loading from file system: file:/C:/Users/Admin/Desktop/7.2/newsc3/target/classes/assets/textures/bg1.png
11:37:00.056 [JavaFX Application Thread] DEBUG FXGLAssetLoaderServi - Loading from file system: file:/C:/Users/Admin/Desktop/7.2/newsc3/target/classes/assets/textures/banner.png
11:37:00.065 [FXGL Background Thread 2 ] INFO  FXGLApplication      - Game initialization took: 0.188 sec
11:37:00.067 [JavaFX Application Thread] DEBUG Input                - Clearing active input actions
11:37:00.076 [JavaFX Application Thread] DEBUG GameApplicationServi - Removing overlay from FXGLLoadingScene and adding to GameScene
11:37:00.076 [JavaFX Application Thread] DEBUG PrimaryStageWindow   - FXGLLoadingScene -> GameScene
11:37:03.047 [JavaFX Application Thread] DEBUG FXGLAssetLoaderServi - Loading from file system: file:/C:/Users/Admin/Desktop/7.2/newsc3/target/classes/assets/textures/car.png
11:37:03.049 [JavaFX Application Thread] DEBUG FXGLAssetLoaderServi - Loading from file system: file:/C:/Users/Admin/Desktop/7.2/newsc3/target/classes/assets/textures/burger.png
11:37:04.876 [JavaFX Application Thread] DEBUG FXGLApplication      - Exiting FXGL
11:37:04.876 [JavaFX Application Thread] DEBUG LoopRunner           - Stopping loop
11:37:04.877 [JavaFX Application Thread] DEBUG SystemBundleService  - Saving FXGL system data
11:37:04.878 [JavaFX Application Thread] DEBUG FileSystemAccess     - Writing to: C:\Users\Admin\Desktop\7.2\newsc3\system\fxgl.bundle
11:37:04.881 [JavaFX Application Thread] DEBUG Async                - Shutting down background threads
11:37:04.881 [JavaFX Application Thread] DEBUG PrimaryStageWindow   - Closing main window
11:37:04.891 [JavaFX Application Thread] DEBUG Logger               - Closing Logger
