07:15:06.615 [main                     ] DEBUG Logger               - Configured Logger
07:15:06.656 [main                     ] DEBUG GameApplication      - Logging settings
Title: Port of Shipmen
Version: 0.1
Width: 768
Height: 432
Fullscreen: false
Intro: false
Profiling: false
Single step:false
App Mode: DEVELOPER
Menu Key: ESCAPE
Stage Style: DECORATED
Scene Factory: class com.almasb.fxgl.app.scene.SceneFactory

07:15:07.067 [JavaFX Application Thread] DEBUG FXGLApplication      - Initializing FXGL
07:15:07.075 [JavaFX Application Thread] INFO  Engine               - FXGL-17.2 (20.08.2022 16.50) on WINDOWS (J:17.0.5 FX:17.0.2-ea)
07:15:07.076 [JavaFX Application Thread] DEBUG Engine               - JRE Vendor Name: Microsoft
07:15:07.076 [JavaFX Application Thread] DEBUG Engine               - Running on OS: Windows 10 version 10.0
07:15:07.076 [JavaFX Application Thread] DEBUG Engine               - Architecture: amd64
07:15:07.077 [JavaFX Application Thread] INFO  Engine               - Source code and latest versions at: https://github.com/AlmasB/FXGL
07:15:07.077 [JavaFX Application Thread] INFO  Engine               -       Ask questions and discuss at: https://github.com/AlmasB/FXGL/discussions
07:15:07.077 [JavaFX Application Thread] INFO  Engine               -              Join the FXGL chat at: https://gitter.im/AlmasB/FXGL
07:15:07.190 [JavaFX Application Thread] DEBUG PrimaryStageWindow   - Creating a JavaFX scene
07:15:07.247 [JavaFX Application Thread] DEBUG PrimaryStageWindow   - Target settings size: 768.0 x 432.0
07:15:07.247 [JavaFX Application Thread] DEBUG PrimaryStageWindow   - Scaled scene size:    768.0 x 432.0
07:15:07.248 [JavaFX Application Thread] DEBUG PrimaryStageWindow   - Scaled ratio: (1.0, 1.0)
07:15:07.249 [JavaFX Application Thread] DEBUG PrimaryStageWindow   - Set initial scene to FXGLStartupScene
07:15:07.261 [JavaFX Application Thread] DEBUG PrimaryStageWindow   - Opening main window
07:15:07.364 [JavaFX Application Thread] DEBUG PrimaryStageWindow   - Window border size: (16.0, 39.0)
07:15:07.364 [JavaFX Application Thread] DEBUG PrimaryStageWindow   - Scaled size: 768.0 x 432.0
07:15:07.365 [JavaFX Application Thread] DEBUG PrimaryStageWindow   - Scaled ratio: (1.0, 1.0)
07:15:07.365 [JavaFX Application Thread] DEBUG PrimaryStageWindow   - Scene size: 768.0 x 432.0
07:15:07.366 [JavaFX Application Thread] DEBUG PrimaryStageWindow   - Stage size: 784.0 x 471.0
07:15:07.374 [FXGL Background Thread 1 ] DEBUG Engine               - Initializing environment variables
07:15:07.422 [FXGL Background Thread 1 ] DEBUG FXGLAssetLoaderServi - User app class for loading assets: class com.example.portofshipmen.GameMain
07:15:07.423 [FXGL Background Thread 1 ] DEBUG GameApplicationServi - Applying CSS: fxgl_dark.css
07:15:07.425 [FXGL Background Thread 1 ] DEBUG FXGLAssetLoaderServi - Loading from file system: jar:file:///C:/Users/rever/.m2/repository/com/github/almasb/fxgl/17.2/fxgl-17.2.jar!/fxglassets/ui/css/fxgl_dark.css
07:15:07.490 [FXGL Background Thread 1 ] DEBUG GameApplicationServi - Initializing application scenes
07:15:07.549 [FXGL Background Thread 1 ] DEBUG GameWorld            - Game world initialized
07:15:07.623 [FXGL Background Thread 1 ] DEBUG PhysicsWorld         - Physics world initialized: appHeight=432, physics.ppm=50.0
07:15:07.624 [FXGL Background Thread 1 ] DEBUG PhysicsWorld         - Using strategy: BRUTE_FORCE
07:15:07.630 [FXGL Background Thread 1 ] DEBUG GameScene            - Game scene initialized: 768x432
07:15:07.645 [FXGL Background Thread 1 ] WARN  FXGL.DefaultMenu     - FXGLDefaultMenu is not designed for resolutions < 800x600
07:15:07.645 [FXGL Background Thread 1 ] DEBUG FXGL.DefaultMenu     - createMenuBodyMainMenu()
07:15:07.661 [FXGL Background Thread 1 ] DEBUG FXGL.DefaultMenu     - createOptionsMenu()
07:15:07.676 [FXGL Background Thread 1 ] DEBUG FXGLAssetLoaderServi - Loading from file system: jar:file:///C:/Users/rever/.m2/repository/com/github/almasb/fxgl/17.2/fxgl-17.2.jar!/fxglassets/textures/particles/smoke.png
07:15:07.791 [FXGL Background Thread 1 ] DEBUG FXGLAssetLoaderServi - Loading from file system: jar:file:///C:/Users/rever/.m2/repository/com/github/almasb/fxgl/17.2/fxgl-17.2.jar!/fxglassets/textures/particles/trace_horizontal.png
07:15:07.822 [FXGL Background Thread 1 ] WARN  FXGL.DefaultMenu     - FXGLDefaultMenu is not designed for resolutions < 800x600
07:15:07.823 [FXGL Background Thread 1 ] DEBUG FXGL.DefaultMenu     - createMenuBodyGameMenu()
07:15:07.824 [FXGL Background Thread 1 ] DEBUG FXGL.DefaultMenu     - createOptionsMenu()
07:15:07.845 [FXGL Background Thread 1 ] DEBUG GameApplicationServi - Application scenes initialized
07:15:07.860 [FXGL Background Thread 1 ] DEBUG SystemBundleService  - Loading FXGL system data
07:15:07.866 [FXGL Background Thread 1 ] DEBUG FileSystemAccess     - Reading from: C:\Users\rever\OneDrive\Documentos\Cuati7\Monitores\PortOfShipmen\system\fxgl.bundle
07:15:07.876 [FXGL Background Thread 1 ] DEBUG SystemBundleService  - Bundle FXGL: {}
07:15:07.876 [FXGL Background Thread 1 ] DEBUG UpdaterService       - Checking for updates
07:15:07.882 [FXGL Background Thread 4 ] DEBUG FXGLApplication      - Loading fonts
07:15:07.883 [FXGL Background Thread 1 ] DEBUG FXGLApplication      - Loading default localization
07:15:07.883 [FXGL Background Thread 4 ] DEBUG FXGLAssetLoaderServi - Loading from file system: jar:file:///C:/Users/rever/.m2/repository/com/github/almasb/fxgl/17.2/fxgl-17.2.jar!/fxglassets/ui/fonts/VarelaRound-Regular.ttf
07:15:07.884 [FXGL Background Thread 1 ] DEBUG FXGLAssetLoaderServi - Loading from file system: jar:file:///C:/Users/rever/.m2/repository/com/github/almasb/fxgl/17.2/fxgl-17.2.jar!/fxglassets/languages/english.lang
07:15:07.916 [FXGL Background Thread 1 ] INFO  FXGLApplication      - FXGL initialization took: 0.541 sec
07:15:07.918 [JavaFX Application Thread] DEBUG FXGLAssetLoaderServi - Loading from file system: jar:file:///C:/Users/rever/.m2/repository/com/github/almasb/fxgl/17.2/fxgl-17.2.jar!/fxglassets/textures/fxgl_icon.png
07:15:07.955 [JavaFX Application Thread] DEBUG FXGLAssetLoaderServi - Loading from file system: jar:file:///C:/Users/rever/.m2/repository/com/github/almasb/fxgl/17.2/fxgl-17.2.jar!/fxglassets/textures/fxgl_default_cursor.png
07:15:07.981 [JavaFX Application Thread] DEBUG Input                - Registered new binding: Screenshot - CTRL+8
07:15:07.985 [JavaFX Application Thread] DEBUG Input                - Registered new binding: System info dump - CTRL+9
07:15:07.985 [JavaFX Application Thread] DEBUG Input                - Registered new binding: Restart - CTRL+R
07:15:07.986 [JavaFX Application Thread] DEBUG Input                - Registered new binding: Toggle Debug Camera - CTRL+7
07:15:07.988 [JavaFX Application Thread] DEBUG LoopRunner           - Starting loop
07:15:07.989 [JavaFX Application Thread] DEBUG LoopRunner           - Initializing JavaFX AnimationTimerLoop
07:15:07.992 [JavaFX Application Thread] DEBUG Input                - Clearing active input actions
07:15:08.027 [JavaFX Application Thread] DEBUG GameApplicationServi - Removing overlay from FXGLStartupScene and adding to FXGLMainMenuDummyScene
07:15:08.028 [JavaFX Application Thread] DEBUG PrimaryStageWindow   - FXGLStartupScene -> FXGLMainMenuDummyScene
07:15:08.029 [JavaFX Application Thread] DEBUG PrimaryStageWindow   - Push state: FXGLDefaultMenu
07:15:08.037 [JavaFX Application Thread] DEBUG Input                - Clearing active input actions
07:15:08.069 [JavaFX Application Thread] DEBUG GameApplicationServi - Removing overlay from FXGLMainMenuDummyScene and adding to FXGLDefaultMenu
07:15:08.072 [JavaFX Application Thread] DEBUG PrimaryStageWindow   - FXGLMainMenuDummyScene -> FXGLDefaultMenu
07:15:08.327 [FXGL Background Thread 4 ] DEBUG FXGLAssetLoaderServi - Loading from file system: jar:file:///C:/Users/rever/.m2/repository/com/github/almasb/fxgl/17.2/fxgl-17.2.jar!/fxglassets/ui/fonts/Abel-Regular.ttf
07:15:08.332 [FXGL Background Thread 4 ] DEBUG FXGLAssetLoaderServi - Loading from file system: jar:file:///C:/Users/rever/.m2/repository/com/github/almasb/fxgl/17.2/fxgl-17.2.jar!/fxglassets/ui/fonts/TerminalLandMono-Regular.otf
07:15:08.372 [FXGL Background Thread 4 ] DEBUG FXGLAssetLoaderServi - Loading from file system: jar:file:///C:/Users/rever/.m2/repository/com/github/almasb/fxgl/17.2/fxgl-17.2.jar!/fxglassets/ui/fonts/Courier-Prime.ttf
07:15:08.435 [JavaFX Application Thread] DEBUG FXGLApplication      - Registering font factories with UI factory
07:15:09.409 [JavaFX Application Thread] DEBUG FXGLApplication      - Exiting FXGL
07:15:09.409 [JavaFX Application Thread] DEBUG LoopRunner           - Stopping loop
07:15:09.409 [JavaFX Application Thread] DEBUG SystemBundleService  - Saving FXGL system data
07:15:09.415 [JavaFX Application Thread] DEBUG FileSystemAccess     - Writing to: C:\Users\rever\OneDrive\Documentos\Cuati7\Monitores\PortOfShipmen\system\fxgl.bundle
07:15:09.418 [JavaFX Application Thread] DEBUG Async                - Shutting down background threads
07:15:09.419 [JavaFX Application Thread] DEBUG PrimaryStageWindow   - Closing main window
07:15:09.458 [JavaFX Application Thread] DEBUG Logger               - Closing Logger
